ARM GAS  C:\Users\DENIZA~1\AppData\Local\Temp\cc8MJiQw.s 			page 1


   1              		.cpu cortex-m0plus
   2              		.arch armv6s-m
   3              		.fpu softvfp
   4              		.eabi_attribute 20, 1
   5              		.eabi_attribute 21, 1
   6              		.eabi_attribute 23, 3
   7              		.eabi_attribute 24, 1
   8              		.eabi_attribute 25, 1
   9              		.eabi_attribute 26, 1
  10              		.eabi_attribute 30, 4
  11              		.eabi_attribute 34, 0
  12              		.eabi_attribute 18, 4
  13              		.file	"pin_mux.c"
  14              		.text
  15              		.align	1
  16              		.global	BOARD_InitPins
  17              		.syntax unified
  18              		.code	16
  19              		.thumb_func
  21              	BOARD_InitPins:
  22              		@ args = 0, pretend = 0, frame = 0
  23              		@ frame_needed = 0, uses_anonymous_args = 0
  24 0000 8022     		movs	r2, #128
  25 0002 144B     		ldr	r3, .L2
  26 0004 D202     		lsls	r2, r2, #11
  27 0006 D96F     		ldr	r1, [r3, #124]
  28 0008 70B5     		push	{r4, r5, r6, lr}
  29 000a 0A43     		orrs	r2, r1
  30 000c DA67     		str	r2, [r3, #124]
  31 000e 8022     		movs	r2, #128
  32              		@ sp needed
  33 0010 1026     		movs	r6, #16
  34 0012 D96F     		ldr	r1, [r3, #124]
  35 0014 104D     		ldr	r5, .L2+4
  36 0016 114C     		ldr	r4, .L2+8
  37 0018 0A43     		orrs	r2, r1
  38 001a DA67     		str	r2, [r3, #124]
  39 001c 2000     		movs	r0, r4
  40 001e 6E64     		str	r6, [r5, #68]
  41 0020 0022     		movs	r2, #0
  42 0022 0121     		movs	r1, #1
  43 0024 FFF7FEFF 		bl	SWM_SetMovablePinSelect
  44 0028 2E61     		str	r6, [r5, #16]
  45 002a 2000     		movs	r0, r4
  46 002c 0422     		movs	r2, #4
  47 002e 0021     		movs	r1, #0
  48 0030 FFF7FEFF 		bl	SWM_SetMovablePinSelect
  49 0034 0026     		movs	r6, #0
  50 0036 8021     		movs	r1, #128
  51 0038 2E64     		str	r6, [r5, #64]
  52 003a 2000     		movs	r0, r4
  53 003c 0122     		movs	r2, #1
  54 003e C901     		lsls	r1, r1, #7
  55 0040 FFF7FEFF 		bl	SWM_SetFixedPinSelect
  56 0044 8021     		movs	r1, #128
  57 0046 EE63     		str	r6, [r5, #60]
  58 0048 0122     		movs	r2, #1
ARM GAS  C:\Users\DENIZA~1\AppData\Local\Temp\cc8MJiQw.s 			page 2


  59 004a 2000     		movs	r0, r4
  60 004c 8901     		lsls	r1, r1, #6
  61 004e FFF7FEFF 		bl	SWM_SetFixedPinSelect
  62 0052 70BD     		pop	{r4, r5, r6, pc}
  63              	.L3:
  64              		.align	2
  65              	.L2:
  66 0054 04800440 		.word	1074036740
  67 0058 00400440 		.word	1074020352
  68 005c 00C00040 		.word	1073790976
  70              		.ident	"GCC: (Arm GNU Toolchain 13.3.Rel1 (Build arm-13.24)) 13.3.1 20240614"
ARM GAS  C:\Users\DENIZA~1\AppData\Local\Temp\cc8MJiQw.s 			page 3


DEFINED SYMBOLS
                            *ABS*:00000000 pin_mux.c
C:\Users\DENIZA~1\AppData\Local\Temp\cc8MJiQw.s:15     .text:00000000 $t
C:\Users\DENIZA~1\AppData\Local\Temp\cc8MJiQw.s:21     .text:00000000 BOARD_InitPins
C:\Users\DENIZA~1\AppData\Local\Temp\cc8MJiQw.s:66     .text:00000054 $d

UNDEFINED SYMBOLS
SWM_SetMovablePinSelect
SWM_SetFixedPinSelect
